<?xml version="1.0" encoding="UTF-8"?>
<!-- Generated by org.testng.reporters.JUnitXMLReporter -->
<testsuite ignored="16" hostname="IN-F1T7GK3" failures="0" tests="10" name="RestAssured" time="7.596" errors="0" timestamp="2025-04-04T16:16:29 IST">
  <testcase classname="restassured.Test01_GET" name="test01" time="1.497"/>
  <testcase classname="restassured.Test01_GET" name="test02" time="0.266"/>
  <testcase classname="restassured.Test01_GET" name="test03" time="1.208"/>
  <testcase classname="restassured.Test02_Get" name="test_01" time="1.067"/>
  <testcase classname="restassured.Test02_POST" name="test01_post" time="0.69"/>
  <testcase classname="restassured.Test02_POST" name="test02_put" time="0.535"/>
  <testcase classname="restassured.Test02_POST" name="test03_patch" time="0.468"/>
  <testcase classname="restassured.Test02_POST" name="test04_delete" time="0.51"/>
  <testcase classname="restassured.Test03_GET" name="Test03" time="0.172"/>
  <testcase classname="restassured.Test04_POST" name="Test04" time="0.54"/>
  <testcase classname="baselibrary.Baselibrary" name="@BeforeTest setupBrowser" time="0.0">
    <ignored/>
  </testcase> <!-- @BeforeTest setupBrowser -->
  <testcase classname="baselibrary.Baselibrary" name="@BeforeTest setupBrowser" time="0.0">
    <ignored/>
  </testcase> <!-- @BeforeTest setupBrowser -->
  <testcase classname="baselibrary.Baselibrary" name="@BeforeTest setupBrowser" time="0.0">
    <ignored/>
  </testcase> <!-- @BeforeTest setupBrowser -->
  <testcase classname="baselibrary.Baselibrary" name="@BeforeTest setupBrowser" time="0.0">
    <ignored/>
  </testcase> <!-- @BeforeTest setupBrowser -->
  <testcase classname="baselibrary.Baselibrary" name="@AfterSuite tearDownExtentReport" time="0.0">
    <ignored/>
  </testcase> <!-- @AfterSuite tearDownExtentReport -->
  <testcase classname="baselibrary.Baselibrary" name="@AfterSuite tearDownExtentReport" time="0.0">
    <ignored/>
  </testcase> <!-- @AfterSuite tearDownExtentReport -->
  <testcase classname="baselibrary.Baselibrary" name="@AfterSuite tearDownExtentReport" time="0.0">
    <ignored/>
  </testcase> <!-- @AfterSuite tearDownExtentReport -->
  <testcase classname="baselibrary.Baselibrary" name="@AfterSuite tearDownExtentReport" time="0.0">
    <ignored/>
  </testcase> <!-- @AfterSuite tearDownExtentReport -->
  <testcase classname="baselibrary.Baselibrary" name="@BeforeSuite setupExtentReport" time="0.0">
    <ignored/>
  </testcase> <!-- @BeforeSuite setupExtentReport -->
  <testcase classname="baselibrary.Baselibrary" name="@BeforeSuite setupExtentReport" time="0.0">
    <ignored/>
  </testcase> <!-- @BeforeSuite setupExtentReport -->
  <testcase classname="baselibrary.Baselibrary" name="@BeforeSuite setupExtentReport" time="0.0">
    <ignored/>
  </testcase> <!-- @BeforeSuite setupExtentReport -->
  <testcase classname="baselibrary.Baselibrary" name="@BeforeSuite setupExtentReport" time="0.0">
    <ignored/>
  </testcase> <!-- @BeforeSuite setupExtentReport -->
  <testcase classname="baselibrary.Baselibrary" name="@AfterTest tearDown" time="0.0">
    <ignored/>
  </testcase> <!-- @AfterTest tearDown -->
  <testcase classname="baselibrary.Baselibrary" name="@AfterTest tearDown" time="0.0">
    <ignored/>
  </testcase> <!-- @AfterTest tearDown -->
  <testcase classname="baselibrary.Baselibrary" name="@AfterTest tearDown" time="0.0">
    <ignored/>
  </testcase> <!-- @AfterTest tearDown -->
  <testcase classname="baselibrary.Baselibrary" name="@AfterTest tearDown" time="0.0">
    <ignored/>
  </testcase> <!-- @AfterTest tearDown -->
</testsuite> <!-- RestAssured -->
